<?xml version="1.0" encoding="UTF-8"?>
<testng-results skipped="0" failed="0" ignored="0" total="1" passed="1">
  <reporter-output>
  </reporter-output>
  <suite name="Suite" duration-ms="50384" started-at="2021-01-25T19:29:36 IST" finished-at="2021-01-25T19:30:26 IST">
    <groups>
    </groups>
    <test name="Test" duration-ms="50384" started-at="2021-01-25T19:29:36 IST" finished-at="2021-01-25T19:30:26 IST">
      <class name="com.flipkart.testcase.IndexLoginTest">
        <test-method status="PASS" signature="setUp()[pri:0, instance:com.flipkart.testcase.IndexLoginTest@376b4233]" name="setUp" is-config="true" duration-ms="48367" started-at="2021-01-25T19:29:36 IST" finished-at="2021-01-25T19:30:24 IST">
          <reporter-output>
          </reporter-output>
        </test-method> <!-- setUp -->
        <test-method status="PASS" signature="verifyLogin()[pri:0, instance:com.flipkart.testcase.IndexLoginTest@376b4233]" name="verifyLogin" duration-ms="768" started-at="2021-01-25T19:30:24 IST" finished-at="2021-01-25T19:30:25 IST">
          <reporter-output>
          </reporter-output>
        </test-method> <!-- verifyLogin -->
        <test-method status="PASS" signature="tearDown()[pri:0, instance:com.flipkart.testcase.IndexLoginTest@376b4233]" name="tearDown" is-config="true" duration-ms="1189" started-at="2021-01-25T19:30:25 IST" finished-at="2021-01-25T19:30:26 IST">
          <reporter-output>
          </reporter-output>
        </test-method> <!-- tearDown -->
      </class> <!-- com.flipkart.testcase.IndexLoginTest -->
    </test> <!-- Test -->
  </suite> <!-- Suite -->
</testng-results>
